Started GET "/" for ::1 at 2019-10-21 00:51:55 +0900
  [1m[35m (0.8ms)[0m  [1m[35mSET NAMES utf8mb4,  @@SESSION.sql_mode = CONCAT(CONCAT(@@sql_mode, ',STRICT_ALL_TABLES'), ',NO_AUTO_VALUE_ON_ZERO'),  @@SESSION.sql_auto_is_null = 0, @@SESSION.wait_timeout = 2147483[0m
Processing by Rails::WelcomeController#index as HTML
  Rendering vendor/bundle/ruby/2.5.0/gems/railties-6.0.0/lib/rails/templates/rails/welcome/index.html.erb
  Rendered vendor/bundle/ruby/2.5.0/gems/railties-6.0.0/lib/rails/templates/rails/welcome/index.html.erb (Duration: 9.9ms | Allocations: 483)
Completed 200 OK in 22ms (Views: 17.0ms | ActiveRecord: 0.0ms | Allocations: 2633)


Started GET "/home/top" for ::1 at 2019-10-21 00:53:23 +0900
Processing by HomeController#top as HTML
  Rendering home/top.html.erb within layouts/application
  Rendered home/top.html.erb within layouts/application (Duration: 0.6ms | Allocations: 90)
[Webpacker] Compiling…
[Webpacker] Compiled all packs in /Users/dkuji/work/album/public/packs
Completed 200 OK in 5724ms (Views: 5722.5ms | ActiveRecord: 0.0ms | Allocations: 1549924)


Started GET "/home/top" for ::1 at 2019-10-21 00:53:56 +0900
Processing by HomeController#top as HTML
  Rendering home/top.html.erb within layouts/application
  Rendered home/top.html.erb within layouts/application (Duration: 0.0ms | Allocations: 5)
Completed 200 OK in 11ms (Views: 10.3ms | ActiveRecord: 0.0ms | Allocations: 5401)


Started GET "/" for ::1 at 2019-10-21 00:54:01 +0900
Processing by HomeController#top as HTML
  Rendering home/top.html.erb within layouts/application
  Rendered home/top.html.erb within layouts/application (Duration: 0.1ms | Allocations: 4)
Completed 200 OK in 29ms (Views: 28.2ms | ActiveRecord: 0.0ms | Allocations: 5252)


Started GET "/" for ::1 at 2019-10-21 00:54:04 +0900
Processing by HomeController#top as HTML
  Rendering home/top.html.erb within layouts/application
  Rendered home/top.html.erb within layouts/application (Duration: 0.1ms | Allocations: 4)
Completed 200 OK in 17ms (Views: 16.5ms | ActiveRecord: 0.0ms | Allocations: 5248)


